<?xml version="1.0" encoding="UTF-8"?>
<!-- Generated by org.testng.reporters.JUnitReportReporter -->
<testsuite hostname="LAPTOP-E2PSIL5I" failures="0" tests="1" name="flipkart.Search.TestScripts.PrintProductsWithMatchingMemoryTest" time="20.500" errors="0" timestamp="2023-01-24T09:56:05 IST" skipped="0">
  <testcase classname="flipkart.Search.TestScripts.PrintProductsWithMatchingMemoryTest" name="printPhonesWithRamTest" time="20.500"/>
  <system-out>
[Step]: Launched Chrome Browser [Step]: Navigated to flipkart.com [Step]: Closed login pop-up [Step]: Searched for 'redMi' REDMI 10 (Caribbean Green, 64 GB) REDMI 9i Sport (Carbon Black, 64 GB) REDMI 10 (Pacific Blue, 64 GB) REDMI 10 (Midnight Black, 64 GB) REDMI 9i Sport (Coral Green, 64 GB) REDMI 9i Sport (Metallic Blue, 64 GB)  </system-out>
</testsuite> <!-- flipkart.Search.TestScripts.PrintProductsWithMatchingMemoryTest -->
